<?xml version="1.0" encoding="UTF-8"?>
<!-- Generated by org.testng.reporters.JUnitReportReporter -->
<testsuite hostname="Rajis-Air.attlocal.net" failures="0" tests="1"
	name="loan.day2" time="0.000" errors="0" timestamp="2024-01-30T11:45:53 EST"
	skipped="0">
	<testcase classname="loan.day2" name="plan" time="0.000" />
	<system-out />
</testsuite> <!-- loan.day2 -->
