<?xml version="1.0" encoding="UTF-8"?>
<!-- Generated by org.testng.reporters.JUnitReportReporter -->
<testsuite hostname="Rajis-Air.attlocal.net" failures="0" tests="2"
	name="loan.day1" time="0.005" errors="0" timestamp="2024-01-30T11:45:53 EST"
	skipped="0">
	<testcase classname="loan.day1" name="Demo" time="0.004" />
	<system-out />
	<testcase classname="loan.day1" name="SecondTest" time="0.001" />
	<system-out />
</testsuite> <!-- loan.day1 -->
